2020-12-31 08:39:49 febs-shiro INFO  background-preinit org.hibernate.validator.internal.util.Version HV000001: Hibernate Validator 6.1.6.Final
2020-12-31 08:39:49 febs-shiro INFO  main cc.mrbird.febs.FebsShiroApplication Starting FebsShiroApplication using Java 1.8.0_181 on LAPTOP-2ADCHJEL with PID 12580 (D:\PROJECT\Backcarmanagement\target\classes started by Lenovo in D:\PROJECT\Backcarmanagement)
2020-12-31 08:39:49 febs-shiro INFO  main cc.mrbird.febs.FebsShiroApplication The following profiles are active: dev
2020-12-31 08:39:50 febs-shiro INFO  main org.springframework.context.annotation.AutoProxyRegistrar AutoProxyRegistrar was imported but no annotations were found having both 'mode' and 'proxyTargetClass' attributes of type AdviceMode and boolean respectively. This means that auto proxy creator registration and configuration may not have occurred as intended, and components may not be proxied as expected. Check to ensure that AutoProxyRegistrar has been @Import'ed on the same class where these annotations are declared; otherwise remove the import of AutoProxyRegistrar altogether.
2020-12-31 08:39:51 febs-shiro INFO  main org.springframework.data.repository.config.RepositoryConfigurationDelegate Multiple Spring Data modules found, entering strict repository configuration mode!
2020-12-31 08:39:51 febs-shiro INFO  main org.springframework.data.repository.config.RepositoryConfigurationDelegate Bootstrapping Spring Data Redis repositories in DEFAULT mode.
2020-12-31 08:39:51 febs-shiro INFO  main org.springframework.data.repository.config.RepositoryConfigurationDelegate Finished Spring Data repository scanning in 27 ms. Found 0 Redis repository interfaces.
2020-12-31 08:39:51 febs-shiro INFO  main org.springframework.context.support.PostProcessorRegistrationDelegate$BeanPostProcessorChecker Bean 'spring.datasource.dynamic-com.baomidou.dynamic.datasource.spring.boot.autoconfigure.DynamicDataSourceProperties' of type [com.baomidou.dynamic.datasource.spring.boot.autoconfigure.DynamicDataSourceProperties] is not eligible for getting processed by all BeanPostProcessors (for example: not eligible for auto-proxying)
2020-12-31 08:39:51 febs-shiro INFO  main org.springframework.context.support.PostProcessorRegistrationDelegate$BeanPostProcessorChecker Bean 'com.baomidou.dynamic.datasource.spring.boot.autoconfigure.DynamicDataSourceAutoConfiguration' of type [com.baomidou.dynamic.datasource.spring.boot.autoconfigure.DynamicDataSourceAutoConfiguration$$EnhancerBySpringCGLIB$$6647a55b] is not eligible for getting processed by all BeanPostProcessors (for example: not eligible for auto-proxying)
2020-12-31 08:39:51 febs-shiro INFO  main org.springframework.context.support.PostProcessorRegistrationDelegate$BeanPostProcessorChecker Bean 'dsProcessor' of type [com.baomidou.dynamic.datasource.processor.DsHeaderProcessor] is not eligible for getting processed by all BeanPostProcessors (for example: not eligible for auto-proxying)
2020-12-31 08:39:51 febs-shiro INFO  main org.springframework.context.support.PostProcessorRegistrationDelegate$BeanPostProcessorChecker Bean 'dynamicDatasourceAnnotationAdvisor' of type [com.baomidou.dynamic.datasource.aop.DynamicDataSourceAnnotationAdvisor] is not eligible for getting processed by all BeanPostProcessors (for example: not eligible for auto-proxying)
2020-12-31 08:39:51 febs-shiro INFO  main org.springframework.context.support.PostProcessorRegistrationDelegate$BeanPostProcessorChecker Bean 'febsProperties' of type [cc.mrbird.febs.common.properties.FebsProperties] is not eligible for getting processed by all BeanPostProcessors (for example: not eligible for auto-proxying)
2020-12-31 08:39:51 febs-shiro INFO  main org.springframework.context.support.PostProcessorRegistrationDelegate$BeanPostProcessorChecker Bean 'spring.redis-org.springframework.boot.autoconfigure.data.redis.RedisProperties' of type [org.springframework.boot.autoconfigure.data.redis.RedisProperties] is not eligible for getting processed by all BeanPostProcessors (for example: not eligible for auto-proxying)
2020-12-31 08:39:51 febs-shiro INFO  main org.springframework.context.support.PostProcessorRegistrationDelegate$BeanPostProcessorChecker Bean 'shiroConfig' of type [cc.mrbird.febs.common.authentication.ShiroConfig$$EnhancerBySpringCGLIB$$68393633] is not eligible for getting processed by all BeanPostProcessors (for example: not eligible for auto-proxying)
2020-12-31 08:39:51 febs-shiro INFO  main org.springframework.context.support.PostProcessorRegistrationDelegate$BeanPostProcessorChecker Bean 'shiroRealm' of type [cc.mrbird.febs.common.authentication.ShiroRealm] is not eligible for getting processed by all BeanPostProcessors (for example: not eligible for auto-proxying)
2020-12-31 08:39:52 febs-shiro INFO  main org.springframework.context.support.PostProcessorRegistrationDelegate$BeanPostProcessorChecker Bean 'redisSessionDAO' of type [org.crazycake.shiro.RedisSessionDAO] is not eligible for getting processed by all BeanPostProcessors (for example: not eligible for auto-proxying)
2020-12-31 08:39:52 febs-shiro INFO  main org.springframework.context.support.PostProcessorRegistrationDelegate$BeanPostProcessorChecker Bean 'sessionManager' of type [org.apache.shiro.web.session.mgt.DefaultWebSessionManager] is not eligible for getting processed by all BeanPostProcessors (for example: not eligible for auto-proxying)
2020-12-31 08:39:52 febs-shiro INFO  main org.springframework.context.support.PostProcessorRegistrationDelegate$BeanPostProcessorChecker Bean 'securityManager' of type [org.apache.shiro.web.mgt.DefaultWebSecurityManager] is not eligible for getting processed by all BeanPostProcessors (for example: not eligible for auto-proxying)
2020-12-31 08:39:52 febs-shiro INFO  main org.springframework.context.support.PostProcessorRegistrationDelegate$BeanPostProcessorChecker Bean 'authorizationAttributeSourceAdvisor' of type [org.apache.shiro.spring.security.interceptor.AuthorizationAttributeSourceAdvisor] is not eligible for getting processed by all BeanPostProcessors (for example: not eligible for auto-proxying)
2020-12-31 08:39:52 febs-shiro INFO  main org.springframework.boot.web.embedded.tomcat.TomcatWebServer Tomcat initialized with port(s): 8001 (http)
2020-12-31 08:39:52 febs-shiro INFO  main org.apache.coyote.http11.Http11NioProtocol Initializing ProtocolHandler ["http-nio-8001"]
2020-12-31 08:39:52 febs-shiro INFO  main org.apache.catalina.core.StandardService Starting service [Tomcat]
2020-12-31 08:39:52 febs-shiro INFO  main org.apache.catalina.core.StandardEngine Starting Servlet engine: [Apache Tomcat/9.0.39]
2020-12-31 08:39:52 febs-shiro INFO  main org.apache.catalina.core.ContainerBase.[Tomcat].[localhost].[/] Initializing Spring embedded WebApplicationContext
2020-12-31 08:39:52 febs-shiro INFO  main org.springframework.boot.web.servlet.context.ServletWebServerApplicationContext Root WebApplicationContext: initialization completed in 3301 ms
2020-12-31 08:39:53 febs-shiro INFO  main cc.mrbird.febs.common.xss.XssFilter ------------ xss filter init ------------
2020-12-31 08:39:53 febs-shiro INFO  main com.zaxxer.hikari.HikariDataSource base - Starting...
2020-12-31 08:40:15 febs-shiro INFO  main org.apache.catalina.core.StandardService Stopping service [Tomcat]
2020-12-31 08:40:15 febs-shiro INFO  main org.springframework.boot.autoconfigure.logging.ConditionEvaluationReportLoggingListener 

Error starting ApplicationContext. To display the conditions report re-run your application with 'debug' enabled.
2020-12-31 11:45:18 febs-shiro INFO  background-preinit org.hibernate.validator.internal.util.Version HV000001: Hibernate Validator 6.1.6.Final
2020-12-31 11:45:18 febs-shiro INFO  main cc.mrbird.febs.FebsShiroApplication Starting FebsShiroApplication using Java 1.8.0_181 on LAPTOP-2ADCHJEL with PID 16980 (D:\PROJECT\Backcarmanagement\target\classes started by Lenovo in D:\PROJECT\Backcarmanagement)
2020-12-31 11:45:18 febs-shiro INFO  main cc.mrbird.febs.FebsShiroApplication The following profiles are active: dev
2020-12-31 11:45:19 febs-shiro INFO  main org.springframework.context.annotation.AutoProxyRegistrar AutoProxyRegistrar was imported but no annotations were found having both 'mode' and 'proxyTargetClass' attributes of type AdviceMode and boolean respectively. This means that auto proxy creator registration and configuration may not have occurred as intended, and components may not be proxied as expected. Check to ensure that AutoProxyRegistrar has been @Import'ed on the same class where these annotations are declared; otherwise remove the import of AutoProxyRegistrar altogether.
2020-12-31 11:45:20 febs-shiro INFO  main org.springframework.data.repository.config.RepositoryConfigurationDelegate Multiple Spring Data modules found, entering strict repository configuration mode!
2020-12-31 11:45:20 febs-shiro INFO  main org.springframework.data.repository.config.RepositoryConfigurationDelegate Bootstrapping Spring Data Redis repositories in DEFAULT mode.
2020-12-31 11:45:20 febs-shiro INFO  main org.springframework.data.repository.config.RepositoryConfigurationDelegate Finished Spring Data repository scanning in 45 ms. Found 0 Redis repository interfaces.
2020-12-31 11:45:21 febs-shiro INFO  main org.springframework.context.support.PostProcessorRegistrationDelegate$BeanPostProcessorChecker Bean 'spring.datasource.dynamic-com.baomidou.dynamic.datasource.spring.boot.autoconfigure.DynamicDataSourceProperties' of type [com.baomidou.dynamic.datasource.spring.boot.autoconfigure.DynamicDataSourceProperties] is not eligible for getting processed by all BeanPostProcessors (for example: not eligible for auto-proxying)
2020-12-31 11:45:21 febs-shiro INFO  main org.springframework.context.support.PostProcessorRegistrationDelegate$BeanPostProcessorChecker Bean 'com.baomidou.dynamic.datasource.spring.boot.autoconfigure.DynamicDataSourceAutoConfiguration' of type [com.baomidou.dynamic.datasource.spring.boot.autoconfigure.DynamicDataSourceAutoConfiguration$$EnhancerBySpringCGLIB$$546d9a7d] is not eligible for getting processed by all BeanPostProcessors (for example: not eligible for auto-proxying)
2020-12-31 11:45:21 febs-shiro INFO  main org.springframework.context.support.PostProcessorRegistrationDelegate$BeanPostProcessorChecker Bean 'dsProcessor' of type [com.baomidou.dynamic.datasource.processor.DsHeaderProcessor] is not eligible for getting processed by all BeanPostProcessors (for example: not eligible for auto-proxying)
2020-12-31 11:45:21 febs-shiro INFO  main org.springframework.context.support.PostProcessorRegistrationDelegate$BeanPostProcessorChecker Bean 'dynamicDatasourceAnnotationAdvisor' of type [com.baomidou.dynamic.datasource.aop.DynamicDataSourceAnnotationAdvisor] is not eligible for getting processed by all BeanPostProcessors (for example: not eligible for auto-proxying)
2020-12-31 11:45:21 febs-shiro INFO  main org.springframework.context.support.PostProcessorRegistrationDelegate$BeanPostProcessorChecker Bean 'febsProperties' of type [cc.mrbird.febs.common.properties.FebsProperties] is not eligible for getting processed by all BeanPostProcessors (for example: not eligible for auto-proxying)
2020-12-31 11:45:21 febs-shiro INFO  main org.springframework.context.support.PostProcessorRegistrationDelegate$BeanPostProcessorChecker Bean 'spring.redis-org.springframework.boot.autoconfigure.data.redis.RedisProperties' of type [org.springframework.boot.autoconfigure.data.redis.RedisProperties] is not eligible for getting processed by all BeanPostProcessors (for example: not eligible for auto-proxying)
2020-12-31 11:45:21 febs-shiro INFO  main org.springframework.context.support.PostProcessorRegistrationDelegate$BeanPostProcessorChecker Bean 'shiroConfig' of type [cc.mrbird.febs.common.authentication.ShiroConfig$$EnhancerBySpringCGLIB$$565f2b55] is not eligible for getting processed by all BeanPostProcessors (for example: not eligible for auto-proxying)
2020-12-31 11:45:21 febs-shiro INFO  main org.springframework.context.support.PostProcessorRegistrationDelegate$BeanPostProcessorChecker Bean 'shiroRealm' of type [cc.mrbird.febs.common.authentication.ShiroRealm] is not eligible for getting processed by all BeanPostProcessors (for example: not eligible for auto-proxying)
2020-12-31 11:45:22 febs-shiro INFO  main org.springframework.context.support.PostProcessorRegistrationDelegate$BeanPostProcessorChecker Bean 'redisSessionDAO' of type [org.crazycake.shiro.RedisSessionDAO] is not eligible for getting processed by all BeanPostProcessors (for example: not eligible for auto-proxying)
2020-12-31 11:45:22 febs-shiro INFO  main org.springframework.context.support.PostProcessorRegistrationDelegate$BeanPostProcessorChecker Bean 'sessionManager' of type [org.apache.shiro.web.session.mgt.DefaultWebSessionManager] is not eligible for getting processed by all BeanPostProcessors (for example: not eligible for auto-proxying)
2020-12-31 11:45:22 febs-shiro INFO  main org.springframework.context.support.PostProcessorRegistrationDelegate$BeanPostProcessorChecker Bean 'securityManager' of type [org.apache.shiro.web.mgt.DefaultWebSecurityManager] is not eligible for getting processed by all BeanPostProcessors (for example: not eligible for auto-proxying)
2020-12-31 11:45:22 febs-shiro INFO  main org.springframework.context.support.PostProcessorRegistrationDelegate$BeanPostProcessorChecker Bean 'authorizationAttributeSourceAdvisor' of type [org.apache.shiro.spring.security.interceptor.AuthorizationAttributeSourceAdvisor] is not eligible for getting processed by all BeanPostProcessors (for example: not eligible for auto-proxying)
2020-12-31 11:45:22 febs-shiro INFO  main org.springframework.boot.web.embedded.tomcat.TomcatWebServer Tomcat initialized with port(s): 8001 (http)
2020-12-31 11:45:22 febs-shiro INFO  main org.apache.coyote.http11.Http11NioProtocol Initializing ProtocolHandler ["http-nio-8001"]
2020-12-31 11:45:22 febs-shiro INFO  main org.apache.catalina.core.StandardService Starting service [Tomcat]
2020-12-31 11:45:22 febs-shiro INFO  main org.apache.catalina.core.StandardEngine Starting Servlet engine: [Apache Tomcat/9.0.39]
2020-12-31 11:45:22 febs-shiro INFO  main org.apache.catalina.core.ContainerBase.[Tomcat].[localhost].[/] Initializing Spring embedded WebApplicationContext
2020-12-31 11:45:22 febs-shiro INFO  main org.springframework.boot.web.servlet.context.ServletWebServerApplicationContext Root WebApplicationContext: initialization completed in 4187 ms
2020-12-31 11:45:22 febs-shiro INFO  main cc.mrbird.febs.common.xss.XssFilter ------------ xss filter init ------------
2020-12-31 11:45:23 febs-shiro INFO  main com.zaxxer.hikari.HikariDataSource base - Starting...
2020-12-31 11:45:23 febs-shiro INFO  main com.zaxxer.hikari.HikariDataSource base - Start completed.
2020-12-31 11:45:23 febs-shiro INFO  main com.zaxxer.hikari.HikariDataSource quartz - Starting...
2020-12-31 11:45:24 febs-shiro INFO  main com.zaxxer.hikari.HikariDataSource quartz - Start completed.
2020-12-31 11:45:24 febs-shiro INFO  main com.baomidou.dynamic.datasource.DynamicRoutingDataSource dynamic-datasource - load a datasource named [quartz] success
2020-12-31 11:45:24 febs-shiro INFO  main com.baomidou.dynamic.datasource.DynamicRoutingDataSource dynamic-datasource - load a datasource named [base] success
2020-12-31 11:45:24 febs-shiro INFO  main com.baomidou.dynamic.datasource.DynamicRoutingDataSource dynamic-datasource initial loaded [2] datasource,primary datasource named [base]
2020-12-31 11:45:25 febs-shiro INFO  main org.quartz.impl.StdSchedulerFactory Using default implementation for ThreadExecutor
2020-12-31 11:45:25 febs-shiro INFO  main org.quartz.core.SchedulerSignalerImpl Initialized Scheduler Signaller of type: class org.quartz.core.SchedulerSignalerImpl
2020-12-31 11:45:25 febs-shiro INFO  main org.quartz.core.QuartzScheduler Quartz Scheduler v.2.3.2 created.
2020-12-31 11:45:25 febs-shiro INFO  main org.springframework.scheduling.quartz.LocalDataSourceJobStore Using db table-based data access locking (synchronization).
2020-12-31 11:45:25 febs-shiro INFO  main org.springframework.scheduling.quartz.LocalDataSourceJobStore JobStoreCMT initialized.
2020-12-31 11:45:25 febs-shiro INFO  main org.quartz.core.QuartzScheduler Scheduler meta-data: Quartz Scheduler (v2.3.2) 'FEBS_Scheduler' with instanceId 'LAPTOP-2ADCHJEL1609386325721'
  Scheduler class: 'org.quartz.core.QuartzScheduler' - running locally.
  NOT STARTED.
  Currently in standby mode.
  Number of jobs executed: 0
  Using thread pool 'org.quartz.simpl.SimpleThreadPool' - with 20 threads.
  Using job-store 'org.springframework.scheduling.quartz.LocalDataSourceJobStore' - which supports persistence. and is clustered.

2020-12-31 11:45:25 febs-shiro INFO  main org.quartz.impl.StdSchedulerFactory Quartz scheduler 'FEBS_Scheduler' initialized from an externally provided properties instance.
2020-12-31 11:45:25 febs-shiro INFO  main org.quartz.impl.StdSchedulerFactory Quartz scheduler version: 2.3.2
2020-12-31 11:45:25 febs-shiro INFO  main org.quartz.core.QuartzScheduler JobFactory set to: org.springframework.scheduling.quartz.AdaptableJobFactory@7535307c
2020-12-31 11:45:29 febs-shiro INFO  main org.springframework.beans.factory.annotation.AutowiredAnnotationBeanPostProcessor Autowired annotation is not supported on static fields: private static com.baomidou.mybatisplus.extension.service.IService cc.mrbird.febs.system.entity.PictureDispose.carService
2020-12-31 11:45:30 febs-shiro INFO  main org.springframework.boot.actuate.endpoint.web.EndpointLinksResolver Exposing 2 endpoint(s) beneath base path '/actuator'
2020-12-31 11:45:30 febs-shiro INFO  main org.springframework.scheduling.concurrent.ThreadPoolTaskExecutor Initializing ExecutorService
2020-12-31 11:45:30 febs-shiro INFO  main org.springframework.scheduling.concurrent.ThreadPoolTaskExecutor Initializing ExecutorService 'febsAsyncThreadPool'
2020-12-31 11:45:30 febs-shiro INFO  main org.springframework.scheduling.concurrent.ThreadPoolTaskExecutor Initializing ExecutorService
2020-12-31 11:45:30 febs-shiro INFO  main org.springframework.scheduling.concurrent.ThreadPoolTaskExecutor Initializing ExecutorService 'scheduleJobExecutorService'
2020-12-31 11:45:30 febs-shiro INFO  main org.springframework.boot.autoconfigure.web.servlet.WelcomePageHandlerMapping Adding welcome page template: index
2020-12-31 11:45:31 febs-shiro INFO  main org.apache.coyote.http11.Http11NioProtocol Starting ProtocolHandler ["http-nio-8001"]
2020-12-31 11:45:31 febs-shiro INFO  main org.springframework.boot.web.embedded.tomcat.TomcatWebServer Tomcat started on port(s): 8001 (http) with context path ''
2020-12-31 11:45:31 febs-shiro INFO  main org.springframework.scheduling.quartz.SchedulerFactoryBean Will start Quartz Scheduler [FEBS_Scheduler] in 1 seconds
2020-12-31 11:45:31 febs-shiro INFO  main cc.mrbird.febs.FebsShiroApplication Started FebsShiroApplication in 14.586 seconds (JVM running for 17.311)
2020-12-31 11:45:32 febs-shiro INFO  Quartz Scheduler [FEBS_Scheduler] org.springframework.scheduling.quartz.SchedulerFactoryBean Starting Quartz Scheduler now, after delay of 1 seconds
2020-12-31 11:45:32 febs-shiro INFO  main cc.mrbird.febs.common.runner.FebsStartedUpRunner  __    ___   _      ___   _     ____ _____  ____ 
2020-12-31 11:45:32 febs-shiro INFO  main cc.mrbird.febs.common.runner.FebsStartedUpRunner / /`  / / \ | |\/| | |_) | |   | |_   | |  | |_  
2020-12-31 11:45:32 febs-shiro INFO  main cc.mrbird.febs.common.runner.FebsStartedUpRunner \_\_, \_\_/ |_|  | |_|   |_|__ |_|__  |_|  |_|__ 
2020-12-31 11:45:32 febs-shiro INFO  main cc.mrbird.febs.common.runner.FebsStartedUpRunner                                                       
2020-12-31 11:45:32 febs-shiro INFO  main cc.mrbird.febs.common.runner.FebsStartedUpRunner FEBS权限系统启动完毕，系统编译打包时间：2020-12-31 10:26:22，地址：http://192.168.3.63:8001/login
2020-12-31 11:45:33 febs-shiro INFO  Quartz Scheduler [FEBS_Scheduler] org.springframework.scheduling.quartz.LocalDataSourceJobStore ClusterManager: detected 1 failed or restarted instances.
2020-12-31 11:45:33 febs-shiro INFO  Quartz Scheduler [FEBS_Scheduler] org.springframework.scheduling.quartz.LocalDataSourceJobStore ClusterManager: Scanning for instance "LAPTOP-2ADCHJEL1609148188005"'s failed in-progress jobs.
2020-12-31 11:45:33 febs-shiro INFO  Quartz Scheduler [FEBS_Scheduler] org.quartz.core.QuartzScheduler Scheduler FEBS_Scheduler_$_LAPTOP-2ADCHJEL1609386325721 started.
2020-12-31 11:45:33 febs-shiro INFO  http-nio-8001-exec-2 org.apache.catalina.core.ContainerBase.[Tomcat].[localhost].[/] Initializing Spring DispatcherServlet 'dispatcherServlet'
2020-12-31 11:45:33 febs-shiro INFO  http-nio-8001-exec-2 org.springframework.web.servlet.DispatcherServlet Initializing Servlet 'dispatcherServlet'
2020-12-31 11:45:33 febs-shiro INFO  http-nio-8001-exec-2 org.springframework.web.servlet.DispatcherServlet Completed initialization in 2 ms
2020-12-31 11:45:33 febs-shiro INFO  http-nio-8001-exec-2 org.apache.shiro.session.mgt.AbstractValidatingSessionManager Enabling session validation scheduler...
2020-12-31 11:45:35 febs-shiro INFO  http-nio-8001-exec-4 cc.mrbird.febs.common.aspect.LimitAspect IP:192.168.3.63 第 1 次访问key为 [limit_get_captcha192.168.3.63]，描述为 [获取验证码] 的接口
2020-12-31 12:45:33 febs-shiro INFO  SessionValidationThread-1 org.apache.shiro.session.mgt.AbstractValidatingSessionManager Validating all active sessions...
2020-12-31 12:45:33 febs-shiro INFO  SessionValidationThread-1 org.apache.shiro.session.mgt.AbstractValidatingSessionManager Finished session validation.  No sessions were stopped.
2020-12-31 13:44:45 febs-shiro INFO  SpringContextShutdownHook org.quartz.core.QuartzScheduler Scheduler FEBS_Scheduler_$_LAPTOP-2ADCHJEL1609386325721 paused.
2020-12-31 13:44:45 febs-shiro INFO  SpringContextShutdownHook org.springframework.scheduling.concurrent.ThreadPoolTaskExecutor Shutting down ExecutorService 'scheduleJobExecutorService'
2020-12-31 13:44:45 febs-shiro INFO  SpringContextShutdownHook org.springframework.scheduling.concurrent.ThreadPoolTaskExecutor Shutting down ExecutorService 'febsAsyncThreadPool'
2020-12-31 13:44:45 febs-shiro INFO  SpringContextShutdownHook org.springframework.scheduling.quartz.SchedulerFactoryBean Shutting down Quartz Scheduler
2020-12-31 13:44:45 febs-shiro INFO  SpringContextShutdownHook org.quartz.core.QuartzScheduler Scheduler FEBS_Scheduler_$_LAPTOP-2ADCHJEL1609386325721 shutting down.
2020-12-31 13:44:45 febs-shiro INFO  SpringContextShutdownHook org.quartz.core.QuartzScheduler Scheduler FEBS_Scheduler_$_LAPTOP-2ADCHJEL1609386325721 paused.
2020-12-31 13:44:45 febs-shiro INFO  SpringContextShutdownHook org.quartz.core.QuartzScheduler Scheduler FEBS_Scheduler_$_LAPTOP-2ADCHJEL1609386325721 shutdown complete.
2020-12-31 13:44:45 febs-shiro INFO  SpringContextShutdownHook com.baomidou.dynamic.datasource.DynamicRoutingDataSource dynamic-datasource start closing ....
2020-12-31 13:44:45 febs-shiro INFO  SpringContextShutdownHook com.zaxxer.hikari.HikariDataSource quartz - Shutdown initiated...
2020-12-31 13:44:45 febs-shiro INFO  SpringContextShutdownHook com.zaxxer.hikari.HikariDataSource quartz - Shutdown completed.
2020-12-31 13:44:45 febs-shiro INFO  SpringContextShutdownHook com.zaxxer.hikari.HikariDataSource base - Shutdown initiated...
2020-12-31 13:44:45 febs-shiro INFO  SpringContextShutdownHook com.zaxxer.hikari.HikariDataSource base - Shutdown completed.
2020-12-31 13:44:45 febs-shiro INFO  SpringContextShutdownHook com.baomidou.dynamic.datasource.DynamicRoutingDataSource dynamic-datasource all closed success,bye
