2021-01-14 08:40:59 febs-shiro INFO  background-preinit org.hibernate.validator.internal.util.Version HV000001: Hibernate Validator 6.1.6.Final
2021-01-14 08:40:59 febs-shiro INFO  main cc.mrbird.febs.FebsShiroApplication Starting FebsShiroApplication using Java 1.8.0_181 on LAPTOP-2ADCHJEL with PID 4508 (D:\PROJECT\Backcarmanagement\target\classes started by Lenovo in D:\PROJECT\Backcarmanagement)
2021-01-14 08:40:59 febs-shiro INFO  main cc.mrbird.febs.FebsShiroApplication The following profiles are active: dev
2021-01-14 08:41:03 febs-shiro INFO  main org.springframework.context.annotation.AutoProxyRegistrar AutoProxyRegistrar was imported but no annotations were found having both 'mode' and 'proxyTargetClass' attributes of type AdviceMode and boolean respectively. This means that auto proxy creator registration and configuration may not have occurred as intended, and components may not be proxied as expected. Check to ensure that AutoProxyRegistrar has been @Import'ed on the same class where these annotations are declared; otherwise remove the import of AutoProxyRegistrar altogether.
2021-01-14 08:41:04 febs-shiro INFO  main org.springframework.data.repository.config.RepositoryConfigurationDelegate Multiple Spring Data modules found, entering strict repository configuration mode!
2021-01-14 08:41:04 febs-shiro INFO  main org.springframework.data.repository.config.RepositoryConfigurationDelegate Bootstrapping Spring Data Redis repositories in DEFAULT mode.
2021-01-14 08:41:04 febs-shiro INFO  main org.springframework.data.repository.config.RepositoryConfigurationDelegate Finished Spring Data repository scanning in 112 ms. Found 0 Redis repository interfaces.
2021-01-14 08:41:05 febs-shiro INFO  main org.springframework.context.support.PostProcessorRegistrationDelegate$BeanPostProcessorChecker Bean 'spring.datasource.dynamic-com.baomidou.dynamic.datasource.spring.boot.autoconfigure.DynamicDataSourceProperties' of type [com.baomidou.dynamic.datasource.spring.boot.autoconfigure.DynamicDataSourceProperties] is not eligible for getting processed by all BeanPostProcessors (for example: not eligible for auto-proxying)
2021-01-14 08:41:05 febs-shiro INFO  main org.springframework.context.support.PostProcessorRegistrationDelegate$BeanPostProcessorChecker Bean 'com.baomidou.dynamic.datasource.spring.boot.autoconfigure.DynamicDataSourceAutoConfiguration' of type [com.baomidou.dynamic.datasource.spring.boot.autoconfigure.DynamicDataSourceAutoConfiguration$$EnhancerBySpringCGLIB$$309e10b0] is not eligible for getting processed by all BeanPostProcessors (for example: not eligible for auto-proxying)
2021-01-14 08:41:05 febs-shiro INFO  main org.springframework.context.support.PostProcessorRegistrationDelegate$BeanPostProcessorChecker Bean 'dsProcessor' of type [com.baomidou.dynamic.datasource.processor.DsHeaderProcessor] is not eligible for getting processed by all BeanPostProcessors (for example: not eligible for auto-proxying)
2021-01-14 08:41:05 febs-shiro INFO  main org.springframework.context.support.PostProcessorRegistrationDelegate$BeanPostProcessorChecker Bean 'dynamicDatasourceAnnotationAdvisor' of type [com.baomidou.dynamic.datasource.aop.DynamicDataSourceAnnotationAdvisor] is not eligible for getting processed by all BeanPostProcessors (for example: not eligible for auto-proxying)
2021-01-14 08:41:05 febs-shiro INFO  main org.springframework.context.support.PostProcessorRegistrationDelegate$BeanPostProcessorChecker Bean 'febsProperties' of type [cc.mrbird.febs.common.properties.FebsProperties] is not eligible for getting processed by all BeanPostProcessors (for example: not eligible for auto-proxying)
2021-01-14 08:41:05 febs-shiro INFO  main org.springframework.context.support.PostProcessorRegistrationDelegate$BeanPostProcessorChecker Bean 'spring.redis-org.springframework.boot.autoconfigure.data.redis.RedisProperties' of type [org.springframework.boot.autoconfigure.data.redis.RedisProperties] is not eligible for getting processed by all BeanPostProcessors (for example: not eligible for auto-proxying)
2021-01-14 08:41:05 febs-shiro INFO  main org.springframework.context.support.PostProcessorRegistrationDelegate$BeanPostProcessorChecker Bean 'shiroConfig' of type [cc.mrbird.febs.common.authentication.ShiroConfig$$EnhancerBySpringCGLIB$$328fa188] is not eligible for getting processed by all BeanPostProcessors (for example: not eligible for auto-proxying)
2021-01-14 08:41:05 febs-shiro INFO  main org.springframework.context.support.PostProcessorRegistrationDelegate$BeanPostProcessorChecker Bean 'shiroRealm' of type [cc.mrbird.febs.common.authentication.ShiroRealm] is not eligible for getting processed by all BeanPostProcessors (for example: not eligible for auto-proxying)
2021-01-14 08:41:06 febs-shiro INFO  main org.springframework.context.support.PostProcessorRegistrationDelegate$BeanPostProcessorChecker Bean 'redisSessionDAO' of type [org.crazycake.shiro.RedisSessionDAO] is not eligible for getting processed by all BeanPostProcessors (for example: not eligible for auto-proxying)
2021-01-14 08:41:06 febs-shiro INFO  main org.springframework.context.support.PostProcessorRegistrationDelegate$BeanPostProcessorChecker Bean 'sessionManager' of type [org.apache.shiro.web.session.mgt.DefaultWebSessionManager] is not eligible for getting processed by all BeanPostProcessors (for example: not eligible for auto-proxying)
2021-01-14 08:41:06 febs-shiro INFO  main org.springframework.context.support.PostProcessorRegistrationDelegate$BeanPostProcessorChecker Bean 'securityManager' of type [org.apache.shiro.web.mgt.DefaultWebSecurityManager] is not eligible for getting processed by all BeanPostProcessors (for example: not eligible for auto-proxying)
2021-01-14 08:41:06 febs-shiro INFO  main org.springframework.context.support.PostProcessorRegistrationDelegate$BeanPostProcessorChecker Bean 'authorizationAttributeSourceAdvisor' of type [org.apache.shiro.spring.security.interceptor.AuthorizationAttributeSourceAdvisor] is not eligible for getting processed by all BeanPostProcessors (for example: not eligible for auto-proxying)
2021-01-14 08:41:06 febs-shiro INFO  main org.springframework.boot.web.embedded.tomcat.TomcatWebServer Tomcat initialized with port(s): 8001 (http)
2021-01-14 08:41:06 febs-shiro INFO  main org.apache.coyote.http11.Http11NioProtocol Initializing ProtocolHandler ["http-nio-8001"]
2021-01-14 08:41:06 febs-shiro INFO  main org.apache.catalina.core.StandardService Starting service [Tomcat]
2021-01-14 08:41:06 febs-shiro INFO  main org.apache.catalina.core.StandardEngine Starting Servlet engine: [Apache Tomcat/9.0.39]
2021-01-14 08:41:07 febs-shiro INFO  main org.apache.catalina.core.ContainerBase.[Tomcat].[localhost].[/] Initializing Spring embedded WebApplicationContext
2021-01-14 08:41:07 febs-shiro INFO  main org.springframework.boot.web.servlet.context.ServletWebServerApplicationContext Root WebApplicationContext: initialization completed in 7893 ms
2021-01-14 08:41:07 febs-shiro INFO  main cc.mrbird.febs.common.xss.XssFilter ------------ xss filter init ------------
2021-01-14 08:41:07 febs-shiro INFO  main com.zaxxer.hikari.HikariDataSource base - Starting...
2021-01-14 08:41:08 febs-shiro INFO  main com.zaxxer.hikari.HikariDataSource base - Start completed.
2021-01-14 08:41:08 febs-shiro INFO  main com.zaxxer.hikari.HikariDataSource quartz - Starting...
2021-01-14 08:41:08 febs-shiro INFO  main com.zaxxer.hikari.HikariDataSource quartz - Start completed.
2021-01-14 08:41:08 febs-shiro INFO  main com.baomidou.dynamic.datasource.DynamicRoutingDataSource dynamic-datasource - load a datasource named [quartz] success
2021-01-14 08:41:08 febs-shiro INFO  main com.baomidou.dynamic.datasource.DynamicRoutingDataSource dynamic-datasource - load a datasource named [base] success
2021-01-14 08:41:08 febs-shiro INFO  main com.baomidou.dynamic.datasource.DynamicRoutingDataSource dynamic-datasource initial loaded [2] datasource,primary datasource named [base]
2021-01-14 08:41:11 febs-shiro INFO  main org.quartz.impl.StdSchedulerFactory Using default implementation for ThreadExecutor
2021-01-14 08:41:11 febs-shiro INFO  main org.quartz.core.SchedulerSignalerImpl Initialized Scheduler Signaller of type: class org.quartz.core.SchedulerSignalerImpl
2021-01-14 08:41:11 febs-shiro INFO  main org.quartz.core.QuartzScheduler Quartz Scheduler v.2.3.2 created.
2021-01-14 08:41:11 febs-shiro INFO  main org.springframework.scheduling.quartz.LocalDataSourceJobStore Using db table-based data access locking (synchronization).
2021-01-14 08:41:11 febs-shiro INFO  main org.springframework.scheduling.quartz.LocalDataSourceJobStore JobStoreCMT initialized.
2021-01-14 08:41:11 febs-shiro INFO  main org.quartz.core.QuartzScheduler Scheduler meta-data: Quartz Scheduler (v2.3.2) 'FEBS_Scheduler' with instanceId 'LAPTOP-2ADCHJEL1610584871337'
  Scheduler class: 'org.quartz.core.QuartzScheduler' - running locally.
  NOT STARTED.
  Currently in standby mode.
  Number of jobs executed: 0
  Using thread pool 'org.quartz.simpl.SimpleThreadPool' - with 20 threads.
  Using job-store 'org.springframework.scheduling.quartz.LocalDataSourceJobStore' - which supports persistence. and is clustered.

2021-01-14 08:41:11 febs-shiro INFO  main org.quartz.impl.StdSchedulerFactory Quartz scheduler 'FEBS_Scheduler' initialized from an externally provided properties instance.
2021-01-14 08:41:11 febs-shiro INFO  main org.quartz.impl.StdSchedulerFactory Quartz scheduler version: 2.3.2
2021-01-14 08:41:11 febs-shiro INFO  main org.quartz.core.QuartzScheduler JobFactory set to: org.springframework.scheduling.quartz.AdaptableJobFactory@5703c1fb
2021-01-14 08:41:15 febs-shiro INFO  main org.springframework.beans.factory.annotation.AutowiredAnnotationBeanPostProcessor Autowired annotation is not supported on static fields: private static com.baomidou.mybatisplus.extension.service.IService cc.mrbird.febs.system.entity.PictureDispose.carService
2021-01-14 08:41:16 febs-shiro INFO  main org.springframework.boot.actuate.endpoint.web.EndpointLinksResolver Exposing 2 endpoint(s) beneath base path '/actuator'
2021-01-14 08:41:16 febs-shiro INFO  main org.springframework.scheduling.concurrent.ThreadPoolTaskExecutor Initializing ExecutorService
2021-01-14 08:41:16 febs-shiro INFO  main org.springframework.scheduling.concurrent.ThreadPoolTaskExecutor Initializing ExecutorService 'febsAsyncThreadPool'
2021-01-14 08:41:16 febs-shiro INFO  main org.springframework.scheduling.concurrent.ThreadPoolTaskExecutor Initializing ExecutorService
2021-01-14 08:41:16 febs-shiro INFO  main org.springframework.scheduling.concurrent.ThreadPoolTaskExecutor Initializing ExecutorService 'scheduleJobExecutorService'
2021-01-14 08:41:16 febs-shiro INFO  main org.springframework.boot.autoconfigure.web.servlet.WelcomePageHandlerMapping Adding welcome page template: index
2021-01-14 08:41:17 febs-shiro INFO  main org.apache.coyote.http11.Http11NioProtocol Starting ProtocolHandler ["http-nio-8001"]
2021-01-14 08:41:17 febs-shiro INFO  main org.springframework.boot.web.embedded.tomcat.TomcatWebServer Tomcat started on port(s): 8001 (http) with context path ''
2021-01-14 08:41:18 febs-shiro INFO  main org.springframework.scheduling.quartz.SchedulerFactoryBean Will start Quartz Scheduler [FEBS_Scheduler] in 1 seconds
2021-01-14 08:41:18 febs-shiro INFO  main cc.mrbird.febs.FebsShiroApplication Started FebsShiroApplication in 20.75 seconds (JVM running for 24.998)
2021-01-14 08:41:19 febs-shiro INFO  Quartz Scheduler [FEBS_Scheduler] org.springframework.scheduling.quartz.SchedulerFactoryBean Starting Quartz Scheduler now, after delay of 1 seconds
2021-01-14 08:41:19 febs-shiro INFO  Quartz Scheduler [FEBS_Scheduler] org.springframework.scheduling.quartz.LocalDataSourceJobStore ClusterManager: detected 1 failed or restarted instances.
2021-01-14 08:41:19 febs-shiro INFO  Quartz Scheduler [FEBS_Scheduler] org.springframework.scheduling.quartz.LocalDataSourceJobStore ClusterManager: Scanning for instance "LAPTOP-2ADCHJEL1610529794283"'s failed in-progress jobs.
2021-01-14 08:41:19 febs-shiro INFO  Quartz Scheduler [FEBS_Scheduler] org.quartz.core.QuartzScheduler Scheduler FEBS_Scheduler_$_LAPTOP-2ADCHJEL1610584871337 started.
2021-01-14 08:41:20 febs-shiro INFO  main cc.mrbird.febs.common.runner.FebsStartedUpRunner  __    ___   _      ___   _     ____ _____  ____ 
2021-01-14 08:41:20 febs-shiro INFO  main cc.mrbird.febs.common.runner.FebsStartedUpRunner / /`  / / \ | |\/| | |_) | |   | |_   | |  | |_  
2021-01-14 08:41:20 febs-shiro INFO  main cc.mrbird.febs.common.runner.FebsStartedUpRunner \_\_, \_\_/ |_|  | |_|   |_|__ |_|__  |_|  |_|__ 
2021-01-14 08:41:20 febs-shiro INFO  main cc.mrbird.febs.common.runner.FebsStartedUpRunner                                                       
2021-01-14 08:41:20 febs-shiro INFO  main cc.mrbird.febs.common.runner.FebsStartedUpRunner FEBS权限系统启动完毕，系统编译打包时间：2021-01-13 18:24:36，地址：http://192.168.3.63:8001/login
2021-01-14 08:41:20 febs-shiro INFO  RMI TCP Connection(3)-192.168.3.63 org.apache.catalina.core.ContainerBase.[Tomcat].[localhost].[/] Initializing Spring DispatcherServlet 'dispatcherServlet'
2021-01-14 08:41:20 febs-shiro INFO  RMI TCP Connection(3)-192.168.3.63 org.springframework.web.servlet.DispatcherServlet Initializing Servlet 'dispatcherServlet'
2021-01-14 08:41:20 febs-shiro INFO  RMI TCP Connection(3)-192.168.3.63 org.springframework.web.servlet.DispatcherServlet Completed initialization in 4 ms
2021-01-14 08:41:21 febs-shiro INFO  http-nio-8001-exec-2 org.apache.shiro.session.mgt.AbstractValidatingSessionManager Enabling session validation scheduler...
2021-01-14 08:41:22 febs-shiro INFO  http-nio-8001-exec-1 cc.mrbird.febs.common.aspect.LimitAspect IP:192.168.3.63 第 1 次访问key为 [limit_get_captcha192.168.3.63]，描述为 [获取验证码] 的接口
2021-01-14 08:41:32 febs-shiro INFO  http-nio-8001-exec-3 cc.mrbird.febs.common.aspect.LimitAspect IP:192.168.3.63 第 1 次访问key为 [limit_login192.168.3.63]，描述为 [登录接口] 的接口
2021-01-14 08:43:52 febs-shiro INFO  http-nio-8001-exec-5 cc.mrbird.febs.common.aspect.LimitAspect IP:192.168.3.63 第 1 次访问key为 [limit_get_captcha192.168.3.63]，描述为 [获取验证码] 的接口
2021-01-14 08:45:25 febs-shiro INFO  SpringContextShutdownHook org.quartz.core.QuartzScheduler Scheduler FEBS_Scheduler_$_LAPTOP-2ADCHJEL1610584871337 paused.
2021-01-14 08:45:25 febs-shiro INFO  SpringContextShutdownHook org.springframework.scheduling.concurrent.ThreadPoolTaskExecutor Shutting down ExecutorService 'scheduleJobExecutorService'
2021-01-14 08:45:25 febs-shiro INFO  SpringContextShutdownHook org.springframework.scheduling.concurrent.ThreadPoolTaskExecutor Shutting down ExecutorService 'febsAsyncThreadPool'
2021-01-14 08:45:25 febs-shiro INFO  SpringContextShutdownHook org.springframework.scheduling.quartz.SchedulerFactoryBean Shutting down Quartz Scheduler
2021-01-14 08:45:25 febs-shiro INFO  SpringContextShutdownHook org.quartz.core.QuartzScheduler Scheduler FEBS_Scheduler_$_LAPTOP-2ADCHJEL1610584871337 shutting down.
2021-01-14 08:45:25 febs-shiro INFO  SpringContextShutdownHook org.quartz.core.QuartzScheduler Scheduler FEBS_Scheduler_$_LAPTOP-2ADCHJEL1610584871337 paused.
2021-01-14 08:45:25 febs-shiro INFO  SpringContextShutdownHook org.quartz.core.QuartzScheduler Scheduler FEBS_Scheduler_$_LAPTOP-2ADCHJEL1610584871337 shutdown complete.
2021-01-14 08:45:26 febs-shiro INFO  SpringContextShutdownHook com.baomidou.dynamic.datasource.DynamicRoutingDataSource dynamic-datasource start closing ....
2021-01-14 08:45:26 febs-shiro INFO  SpringContextShutdownHook com.zaxxer.hikari.HikariDataSource quartz - Shutdown initiated...
2021-01-14 08:45:26 febs-shiro INFO  SpringContextShutdownHook com.zaxxer.hikari.HikariDataSource quartz - Shutdown completed.
2021-01-14 08:45:26 febs-shiro INFO  SpringContextShutdownHook com.zaxxer.hikari.HikariDataSource base - Shutdown initiated...
2021-01-14 08:45:26 febs-shiro INFO  SpringContextShutdownHook com.zaxxer.hikari.HikariDataSource base - Shutdown completed.
2021-01-14 08:45:26 febs-shiro INFO  SpringContextShutdownHook com.baomidou.dynamic.datasource.DynamicRoutingDataSource dynamic-datasource all closed success,bye
